#
# There is insufficient memory for the Java Runtime Environment to continue.
# Native memory allocation (mmap) failed to map 132120576 bytes. Error detail: G1 virtual space
# Possible reasons:
#   The system is out of physical RAM or swap space
#   This process is running with CompressedOops enabled, and the Java Heap may be blocking the growth of the native heap
# Possible solutions:
#   Reduce memory load on the system
#   Increase physical memory or swap space
#   Check if swap backing store is full
#   Decrease Java heap size (-Xmx/-Xms)
#   Decrease number of Java threads
#   Decrease Java thread stack sizes (-Xss)
#   Set larger code cache with -XX:ReservedCodeCacheSize=
#   JVM is running with Unscaled Compressed Oops mode in which the Java heap is
#     placed in the first 4GB address space. The Java Heap base address is the
#     maximum limit for the native heap growth. Please use -XX:HeapBaseMinAddress
#     to set the Java Heap base and to place the Java Heap above 4GB virtual address.
# This output file may be truncated or incomplete.
#
#  Out of Memory Error (os_windows.cpp:3825), pid=6076, tid=20596
#
# JRE version:  (17.0.11+1) (build )
# Java VM: OpenJDK 64-Bit Server VM (17.0.11+1-b1207.24, mixed mode, sharing, tiered, compressed oops, compressed class ptrs, g1 gc, windows-amd64)
# No core dump will be written. Minidumps are not enabled by default on client versions of Windows
#

---------------  S U M M A R Y ------------

Command Line: git4idea.http.GitAskPassApp Username for 'https://github.com': 

Host: Intel(R) Core(TM) i5-8265U CPU @ 1.60GHz, 8 cores, 7G,  Windows 11 , 64 bit Build 26100 (10.0.26100.3323)
Time: Wed Apr 16 20:14:58 2025 Hora est. Sudamérica Pacífico elapsed time: 1.147860 seconds (0d 0h 0m 1s)

---------------  T H R E A D  ---------------

Current thread (0x000002a3268ecb00):  JavaThread "Unknown thread" [_thread_in_vm, id=20596, stack(0x000000ab55c00000,0x000000ab55d00000)]

Stack: [0x000000ab55c00000,0x000000ab55d00000]
Native frames: (J=compiled Java code, j=interpreted, Vv=VM code, C=native code)
V  [jvm.dll+0x6877f9]
V  [jvm.dll+0x8411aa]
V  [jvm.dll+0x842e2e]
V  [jvm.dll+0x843493]
V  [jvm.dll+0x249fdf]
V  [jvm.dll+0x6845c9]
V  [jvm.dll+0x678e7a]
V  [jvm.dll+0x30ab4b]
V  [jvm.dll+0x311ff6]
V  [jvm.dll+0x361a5e]
V  [jvm.dll+0x361c8f]
V  [jvm.dll+0x2e0978]
V  [jvm.dll+0x2e18e4]
V  [jvm.dll+0x811c71]
V  [jvm.dll+0x36f7c8]
V  [jvm.dll+0x7f05f6]
V  [jvm.dll+0x3f398f]
V  [jvm.dll+0x3f5541]
C  [jli.dll+0x528f]
C  [ucrtbase.dll+0x37b0]
C  [KERNEL32.DLL+0x2e8d7]
C  [ntdll.dll+0xbbf6c]


---------------  P R O C E S S  ---------------

Threads class SMR info:
_java_thread_list=0x00007fff05f6efd8, length=0, elements={
}

Java Threads: ( => current thread )

Other Threads:
  0x000002a32694a410 GCTaskThread "GC Thread#0" [stack: 0x000000ab55d00000,0x000000ab55e00000] [id=24204]
  0x000002a32695ade0 ConcurrentGCThread "G1 Main Marker" [stack: 0x000000ab55e00000,0x000000ab55f00000] [id=30928]
  0x000002a32695b800 ConcurrentGCThread "G1 Conc#0" [stack: 0x000000ab55f00000,0x000000ab56000000] [id=22856]

[error occurred during error reporting (printing all threads), id 0xc0000005, EXCEPTION_ACCESS_VIOLATION (0xc0000005) at pc=0x00007fff05721547]

VM state: not at safepoint (not fully initialized)

VM Mutex/Monitor currently owned by a thread:  ([mutex/lock_event])
[0x000002a3268e6780] Heap_lock - owner thread: 0x000002a3268ecb00

Heap address: 0x0000000082c00000, size: 2004 MB, Compressed Oops mode: 32-bit

CDS archive(s) mapped at: [0x0000000000000000-0x0000000000000000-0x0000000000000000), size 0, SharedBaseAddress: 0x0000000800000000, ArchiveRelocationMode: 1.
Narrow klass base: 0x0000000000000000, Narrow klass shift: 0, Narrow klass range: 0x0

GC Precious Log:
<Empty>

Heap:
 garbage-first heap   total 0K, used 0K [0x0000000082c00000, 0x0000000100000000)
  region size 1024K, 0 young (0K), 0 survivors (0K)
 Metaspace       used 0K, committed 0K, reserved 0K
  class space    used 0K, committed 0K, reserved 0K

Heap Regions: E=young(eden), S=young(survivor), O=old, HS=humongous(starts), HC=humongous(continues), CS=collection set, F=free, OA=open archive, CA=closed archive, TAMS=top-at-mark-start (previous, next)

Card table byte_map: [0x000002a339690000,0x000002a339a80000] _byte_map_base: 0x000002a33927a000

Marking Bits (Prev, Next): (CMBitMap*) 0x000002a32694aa30, (CMBitMap*) 0x000002a32694aa70
 Prev Bits: [0x000002a339e70000, 0x000002a33bdc0000)
 Next Bits: [0x000002a33bdc0000, 0x000002a33dd10000)

GC Heap History (0 events):
No events

Dll operation events (1 events):
Event: 0.037 Loaded shared library C:\Users\martt\AppData\Local\JetBrains\PyCharm 2024.1.4\jbr\bin\java.dll

Deoptimization events (0 events):
No events

Classes unloaded (0 events):
No events

Classes redefined (0 events):
No events

Internal exceptions (0 events):
No events

VM Operations (0 events):
No events

Events (0 events):
No events


Dynamic libraries:
0x00007ff7a3710000 - 0x00007ff7a371a000 	C:\Users\martt\AppData\Local\JetBrains\PyCharm 2024.1.4\jbr\bin\java.exe
0x00007fffbfb20000 - 0x00007fffbfd83000 	C:\WINDOWS\SYSTEM32\ntdll.dll
0x00007fffbf0f0000 - 0x00007fffbf1b7000 	C:\WINDOWS\System32\KERNEL32.DLL
0x00007fffbd3a0000 - 0x00007fffbd769000 	C:\WINDOWS\System32\KERNELBASE.dll
0x00007fffbcd20000 - 0x00007fffbce6c000 	C:\WINDOWS\System32\ucrtbase.dll
0x00007fff87b80000 - 0x00007fff87b97000 	C:\Users\martt\AppData\Local\JetBrains\PyCharm 2024.1.4\jbr\bin\jli.dll
0x00007fffbf210000 - 0x00007fffbf3da000 	C:\WINDOWS\System32\USER32.dll
0x00007fffbcf10000 - 0x00007fffbcf37000 	C:\WINDOWS\System32\win32u.dll
0x00007fffbf680000 - 0x00007fffbf6aa000 	C:\WINDOWS\System32\GDI32.dll
0x00007fffbd770000 - 0x00007fffbd8a1000 	C:\WINDOWS\System32\gdi32full.dll
0x00007fffbd2f0000 - 0x00007fffbd393000 	C:\WINDOWS\System32\msvcp_win.dll
0x00007fff9d4d0000 - 0x00007fff9d760000 	C:\WINDOWS\WinSxS\amd64_microsoft.windows.common-controls_6595b64144ccf1df_6.0.26100.3323_none_3e088096e3344490\COMCTL32.dll
0x00007ffeeac30000 - 0x00007ffeeac4b000 	C:\Users\martt\AppData\Local\JetBrains\PyCharm 2024.1.4\jbr\bin\VCRUNTIME140.dll
0x00007fffbf8d0000 - 0x00007fffbf979000 	C:\WINDOWS\System32\msvcrt.dll
0x00007fffbde80000 - 0x00007fffbdeaf000 	C:\WINDOWS\System32\IMM32.DLL
0x00007fff7c5b0000 - 0x00007fff7c5bc000 	C:\Users\martt\AppData\Local\JetBrains\PyCharm 2024.1.4\jbr\bin\vcruntime140_1.dll
0x00007ffead850000 - 0x00007ffead8dd000 	C:\Users\martt\AppData\Local\JetBrains\PyCharm 2024.1.4\jbr\bin\msvcp140.dll
0x00007fff05430000 - 0x00007fff060b3000 	C:\Users\martt\AppData\Local\JetBrains\PyCharm 2024.1.4\jbr\bin\server\jvm.dll
0x00007fffbda30000 - 0x00007fffbdae2000 	C:\WINDOWS\System32\ADVAPI32.dll
0x00007fffbf3e0000 - 0x00007fffbf486000 	C:\WINDOWS\System32\sechost.dll
0x00007fffbf720000 - 0x00007fffbf836000 	C:\WINDOWS\System32\RPCRT4.dll
0x00007fffbcbb0000 - 0x00007fffbcbfe000 	C:\WINDOWS\SYSTEM32\POWRPROF.dll
0x00007fff98590000 - 0x00007fff9859a000 	C:\WINDOWS\SYSTEM32\WSOCK32.dll
0x00007fffbed40000 - 0x00007fffbedb4000 	C:\WINDOWS\System32\WS2_32.dll
0x00007fffa0750000 - 0x00007fffa0786000 	C:\WINDOWS\SYSTEM32\WINMM.dll
0x00007fffaf010000 - 0x00007fffaf01b000 	C:\WINDOWS\SYSTEM32\VERSION.dll
0x00007fffbcb90000 - 0x00007fffbcba4000 	C:\WINDOWS\SYSTEM32\UMPDC.dll
0x00007fffbbb40000 - 0x00007fffbbb5a000 	C:\WINDOWS\SYSTEM32\kernel.appcore.dll
0x00007fffaefa0000 - 0x00007fffaefaa000 	C:\Users\martt\AppData\Local\JetBrains\PyCharm 2024.1.4\jbr\bin\jimage.dll
0x00007fffba710000 - 0x00007fffba951000 	C:\WINDOWS\SYSTEM32\DBGHELP.DLL
0x00007fffbdaf0000 - 0x00007fffbde72000 	C:\WINDOWS\System32\combase.dll
0x00007fffbedc0000 - 0x00007fffbee96000 	C:\WINDOWS\System32\OLEAUT32.dll
0x00007fff99930000 - 0x00007fff99969000 	C:\WINDOWS\SYSTEM32\dbgcore.DLL
0x00007fffbce70000 - 0x00007fffbcf09000 	C:\WINDOWS\System32\bcryptPrimitives.dll
0x00007fff8bbc0000 - 0x00007fff8bbe5000 	C:\Users\martt\AppData\Local\JetBrains\PyCharm 2024.1.4\jbr\bin\java.dll

dbghelp: loaded successfully - version: 4.0.5 - missing functions: none
symbol engine: initialized successfully - sym options: 0x614 - pdb path: .;C:\Users\martt\AppData\Local\JetBrains\PyCharm 2024.1.4\jbr\bin;C:\WINDOWS\SYSTEM32;C:\WINDOWS\WinSxS\amd64_microsoft.windows.common-controls_6595b64144ccf1df_6.0.26100.3323_none_3e088096e3344490;C:\Users\martt\AppData\Local\JetBrains\PyCharm 2024.1.4\jbr\bin\server

VM Arguments:
java_command: git4idea.http.GitAskPassApp Username for 'https://github.com': 
java_class_path (initial): C:/Users/martt/AppData/Local/JetBrains/PyCharm 2024.1.4/plugins/vcs-git/lib/git4idea-rt.jar;C:/Users/martt/AppData/Local/JetBrains/PyCharm 2024.1.4/lib/externalProcess-rt.jar
Launcher Type: SUN_STANDARD

[Global flags]
     intx CICompilerCount                          = 4                                         {product} {ergonomic}
     uint ConcGCThreads                            = 2                                         {product} {ergonomic}
     uint G1ConcRefinementThreads                  = 8                                         {product} {ergonomic}
   size_t G1HeapRegionSize                         = 1048576                                   {product} {ergonomic}
    uintx GCDrainStackTargetSize                   = 64                                        {product} {ergonomic}
   size_t InitialHeapSize                          = 132120576                                 {product} {ergonomic}
   size_t MarkStackSize                            = 4194304                                   {product} {ergonomic}
   size_t MaxHeapSize                              = 2101346304                                {product} {ergonomic}
   size_t MinHeapDeltaBytes                        = 1048576                                   {product} {ergonomic}
   size_t MinHeapSize                              = 8388608                                   {product} {ergonomic}
    uintx NonNMethodCodeHeapSize                   = 5839372                                {pd product} {ergonomic}
    uintx NonProfiledCodeHeapSize                  = 122909434                              {pd product} {ergonomic}
    uintx ProfiledCodeHeapSize                     = 122909434                              {pd product} {ergonomic}
    uintx ReservedCodeCacheSize                    = 251658240                              {pd product} {ergonomic}
     bool SegmentedCodeCache                       = true                                      {product} {ergonomic}
   size_t SoftMaxHeapSize                          = 2101346304                             {manageable} {ergonomic}
     bool UseCompressedClassPointers               = true                           {product lp64_product} {ergonomic}
     bool UseCompressedOops                        = true                           {product lp64_product} {ergonomic}
     bool UseG1GC                                  = true                                      {product} {ergonomic}
     bool UseLargePagesIndividualAllocation        = false                                  {pd product} {ergonomic}

Logging:
Log output configuration:
 #0: stdout all=warning uptime,level,tags
 #1: stderr all=off uptime,level,tags

Environment Variables:
PATH=C:\Users\martt\AppData\Local\Programs\Git\mingw64\libexec\git-core;C:\Users\martt\AppData\Local\Programs\Git\mingw64\libexec\git-core;C:\Users\martt\AppData\Local\Programs\Git\mingw64\bin;C:\Users\martt\AppData\Local\Programs\Git\usr\bin;C:\Users\martt\bin;C:\Users\martt\PycharmProjects\IA_Finance_Society_UCN\.venv\Scripts;C:\Program Files (x86)\Intel\Intel(R) Management Engine Components\iCLS;C:\Program Files\Intel\Intel(R) Management Engine Components\iCLS;C:\WINDOWS\system32;C:\WINDOWS;C:\WINDOWS\System32\Wbem;C:\WINDOWS\System32\WindowsPowerShell\v1.0;C:\WINDOWS\System32\OpenSSH;C:\Program Files (x86)\Intel\Intel(R) Management Engine Components\DAL;C:\Program Files\Intel\Intel(R) Management Engine Components\DAL;C:\Program Files\Intel\WiFi\bin;C:\Program Files\Common Files\Intel\WirelessCommon;C:\Program Files\dotnet;C:\Program Files\HP\HP One Agent;C:\Users\martt\AppData\Local\Programs\Python\Python312;C:\Users\martt\AppData\Local\Programs\Python\Python312\Scripts;%SystemRoot%\system32;%SystemRoot%;%SystemRoot%\System32\Wbem;%SYSTEMROOT%\System32\WindowsPowerShell\v1.0;%SYSTEMROOT%\System32\OpenSSH;C:\Users\martt\AppData\Local\Programs\Python\Python312\Scripts;C:\Users\martt\AppData\Local\Programs\Python\Python312;C:\Users\martt\AppData\Local\Programs\Python\Launcher;C:\Users\martt\AppData\Local\Microsoft\WindowsApps;C:\Users\martt\AppData\Local\JetBrains\PyCharm 2024.1.4\bin;C:\Users\martt\AppData\Local\Programs\Microsoft VS Code\bin;C:\Users\martt\AppData\Local\Programs\Git\cmd
USERNAME=martt
DISPLAY=:0.0
LC_ALL=en_US.UTF-8
TERM=xterm-256color
TMPDIR=C:\Users\martt\AppData\Local\Temp
OS=Windows_NT
PROCESSOR_IDENTIFIER=Intel64 Family 6 Model 142 Stepping 11, GenuineIntel
TMP=C:\Users\martt\AppData\Local\Temp
TEMP=C:\Users\martt\AppData\Local\Temp



Periodic native trim disabled

JNI global refs:
JNI global refs: 0, weak refs: 0

JNI global refs memory usage: 0, weak refs: 0

Process memory usage:
Resident Set Size: 12204K (0% of 8206068K total physical memory with 470100K free physical memory)

OOME stack traces (most recent first):
Classloader memory used:


---------------  S Y S T E M  ---------------

OS:
 Windows 11 , 64 bit Build 26100 (10.0.26100.3323)
OS uptime: 5 days 11:51 hours

CPU: total 8 (initial active 8) (4 cores per cpu, 2 threads per core) family 6 model 142 stepping 11 microcode 0xde, cx8, cmov, fxsr, ht, mmx, 3dnowpref, sse, sse2, sse3, ssse3, sse4.1, sse4.2, popcnt, lzcnt, tsc, tscinvbit, avx, avx2, aes, erms, clmul, bmi1, bmi2, adx, fma, vzeroupper, clflush, clflushopt
Processor Information for all 8 processors :
  Max Mhz: 1800, Current Mhz: 1600, Mhz Limit: 1584

Memory: 4k page, system-wide physical 8013M (457M free)
TotalPageFile size 32589M (AvailPageFile size 49M)
current process WorkingSet (physical memory assigned to process): 11M, peak: 11M
current process commit charge ("private bytes"): 60M, peak: 186M

vm_info: OpenJDK 64-Bit Server VM (17.0.11+1-b1207.24) for windows-amd64 JRE (17.0.11+1-b1207.24), built on 2024-05-15 by "builduser" with MS VC++ 16.10 / 16.11 (VS2019)

END.
